  main.cpp
c:\users\oneca\documents\visual studio 2015\projects\clean campus\clean campus\main.cpp(37): warning C4244: '=': 'int'에서 'float'(으)로 변환하면서 데이터가 손실될 수 있습니다.
c:\users\oneca\documents\visual studio 2015\projects\clean campus\clean campus\main.cpp(38): warning C4244: '=': 'double'에서 'float'(으)로 변환하면서 데이터가 손실될 수 있습니다.
c:\users\oneca\documents\visual studio 2015\projects\clean campus\clean campus\main.cpp(43): warning C4244: '=': 'int'에서 'float'(으)로 변환하면서 데이터가 손실될 수 있습니다.
c:\users\oneca\documents\visual studio 2015\projects\clean campus\clean campus\main.cpp(49): warning C4244: '=': 'int'에서 'float'(으)로 변환하면서 데이터가 손실될 수 있습니다.
c:\users\oneca\documents\visual studio 2015\projects\clean campus\clean campus\main.cpp(54): warning C4244: '=': 'int'에서 'float'(으)로 변환하면서 데이터가 손실될 수 있습니다.
c:\users\oneca\documents\visual studio 2015\projects\clean campus\clean campus\main.cpp(61): warning C4244: '=': 'int'에서 'float'(으)로 변환하면서 데이터가 손실될 수 있습니다.
c:\users\oneca\documents\visual studio 2015\projects\clean campus\clean campus\main.cpp(62): warning C4244: '=': 'double'에서 'float'(으)로 변환하면서 데이터가 손실될 수 있습니다.
c:\users\oneca\documents\visual studio 2015\projects\clean campus\clean campus\main.cpp(86): warning C4244: '=': 'float'에서 'int'(으)로 변환하면서 데이터가 손실될 수 있습니다.
c:\users\oneca\documents\visual studio 2015\projects\clean campus\clean campus\main.cpp(87): warning C4244: '=': 'float'에서 'int'(으)로 변환하면서 데이터가 손실될 수 있습니다.
c:\users\oneca\documents\visual studio 2015\projects\clean campus\clean campus\main.cpp(113): warning C4244: '=': 'double'에서 'float'(으)로 변환하면서 데이터가 손실될 수 있습니다.
c:\users\oneca\documents\visual studio 2015\projects\clean campus\clean campus\main.cpp(114): warning C4244: '=': 'double'에서 'float'(으)로 변환하면서 데이터가 손실될 수 있습니다.
c:\users\oneca\documents\visual studio 2015\projects\clean campus\clean campus\main.cpp(115): warning C4244: '=': 'double'에서 'float'(으)로 변환하면서 데이터가 손실될 수 있습니다.
c:\users\oneca\documents\visual studio 2015\projects\clean campus\clean campus\main.cpp(116): warning C4244: '=': 'double'에서 'float'(으)로 변환하면서 데이터가 손실될 수 있습니다.
c:\users\oneca\documents\visual studio 2015\projects\clean campus\clean campus\main.cpp(9): warning C4996: 'scanf': This function or variable may be unsafe. Consider using scanf_s instead. To disable deprecation, use _CRT_SECURE_NO_WARNINGS. See online help for details.
  c:\program files (x86)\windows kits\10\include\10.0.10240.0\ucrt\stdio.h(1270): note: 'scanf' 선언을 참조하십시오.
c:\users\oneca\documents\visual studio 2015\projects\clean campus\clean campus\main.cpp(12): warning C4996: 'scanf': This function or variable may be unsafe. Consider using scanf_s instead. To disable deprecation, use _CRT_SECURE_NO_WARNINGS. See online help for details.
  c:\program files (x86)\windows kits\10\include\10.0.10240.0\ucrt\stdio.h(1270): note: 'scanf' 선언을 참조하십시오.
c:\users\oneca\documents\visual studio 2015\projects\clean campus\clean campus\main.cpp(6): warning C4101: 'q' :참조되지 않은 지역 변수입니다.
c:\users\oneca\documents\visual studio 2015\projects\clean campus\clean campus\main.cpp(6): warning C4101: 'w' :참조되지 않은 지역 변수입니다.
  clean campus.vcxproj -> c:\users\oneca\documents\visual studio 2015\Projects\clean campus\Debug\clean campus.exe
  clean campus.vcxproj -> c:\users\oneca\documents\visual studio 2015\Projects\clean campus\Debug\clean campus.pdb (Full PDB)
